{"C:\\Users\\jiang\\graduate-project\\backend\\models\\review.js": {"path":"C:\\Users\\jiang\\graduate-project\\backend\\models\\review.js","statementMap":{"0":{"start":{"line":1,"column":17},"end":{"line":1,"column":36}},"1":{"start":{"line":3,"column":21},"end":{"line":11,"column":2}},"2":{"start":{"line":13,"column":0},"end":{"line":13,"column":36}},"3":{"start":{"line":15,"column":15},"end":{"line":15,"column":53}},"4":{"start":{"line":17,"column":0},"end":{"line":17,"column":24}}},"fnMap":{},"branchMap":{},"s":{"0":3,"1":3,"2":3,"3":3,"4":3},"f":{},"b":{},"_coverageSchema":"1a1c01bbd47fc00a2c39e90264f33305004495a9","hash":"8029820516f7e6d9b70de3c76829ae436031e920"}
,"C:\\Users\\jiang\\graduate-project\\backend\\models\\sharedToilet.js": {"path":"C:\\Users\\jiang\\graduate-project\\backend\\models\\sharedToilet.js","statementMap":{"0":{"start":{"line":1,"column":17},"end":{"line":1,"column":36}},"1":{"start":{"line":3,"column":23},"end":{"line":14,"column":2}},"2":{"start":{"line":17,"column":27},"end":{"line":61,"column":2}},"3":{"start":{"line":36,"column":6},"end":{"line":36,"column":34}},"4":{"start":{"line":63,"column":21},"end":{"line":63,"column":87}},"5":{"start":{"line":65,"column":0},"end":{"line":65,"column":30}}},"fnMap":{"0":{"name":"(anonymous_0)","decl":{"start":{"line":35,"column":14},"end":{"line":35,"column":15}},"loc":{"start":{"line":35,"column":26},"end":{"line":37,"column":5}},"line":35}},"branchMap":{},"s":{"0":4,"1":4,"2":4,"3":15,"4":4,"5":4},"f":{"0":15},"b":{},"_coverageSchema":"1a1c01bbd47fc00a2c39e90264f33305004495a9","hash":"1cf43f9e3e67993d049bbd3ec06f3e4804eaad23"}
,"C:\\Users\\jiang\\graduate-project\\backend\\models\\toilet.js": {"path":"C:\\Users\\jiang\\graduate-project\\backend\\models\\toilet.js","statementMap":{"0":{"start":{"line":1,"column":17},"end":{"line":1,"column":36}},"1":{"start":{"line":3,"column":21},"end":{"line":33,"column":2}},"2":{"start":{"line":26,"column":6},"end":{"line":26,"column":34}},"3":{"start":{"line":38,"column":0},"end":{"line":38,"column":56}}},"fnMap":{"0":{"name":"(anonymous_0)","decl":{"start":{"line":25,"column":14},"end":{"line":25,"column":15}},"loc":{"start":{"line":25,"column":26},"end":{"line":27,"column":5}},"line":25}},"branchMap":{},"s":{"0":4,"1":4,"2":6,"3":4},"f":{"0":6},"b":{},"_coverageSchema":"1a1c01bbd47fc00a2c39e90264f33305004495a9","hash":"04c5cd80557f438607167f0b82ca25ec0db4cfe9"}
,"C:\\Users\\jiang\\graduate-project\\backend\\routes\\reviewRoute.js": {"path":"C:\\Users\\jiang\\graduate-project\\backend\\routes\\reviewRoute.js","statementMap":{"0":{"start":{"line":1,"column":16},"end":{"line":1,"column":34}},"1":{"start":{"line":2,"column":15},"end":{"line":2,"column":31}},"2":{"start":{"line":3,"column":15},"end":{"line":3,"column":42}},"3":{"start":{"line":4,"column":15},"end":{"line":4,"column":42}},"4":{"start":{"line":7,"column":0},"end":{"line":9,"column":3}},"5":{"start":{"line":8,"column":2},"end":{"line":8,"column":49}},"6":{"start":{"line":13,"column":0},"end":{"line":56,"column":3}},"7":{"start":{"line":14,"column":2},"end":{"line":55,"column":3}},"8":{"start":{"line":15,"column":23},"end":{"line":15,"column":31}},"9":{"start":{"line":17,"column":4},"end":{"line":19,"column":5}},"10":{"start":{"line":18,"column":6},"end":{"line":18,"column":76}},"11":{"start":{"line":21,"column":4},"end":{"line":21,"column":66}},"12":{"start":{"line":24,"column":4},"end":{"line":26,"column":5}},"13":{"start":{"line":25,"column":6},"end":{"line":25,"column":68}},"14":{"start":{"line":28,"column":16},"end":{"line":37,"column":6}},"15":{"start":{"line":40,"column":16},"end":{"line":40,"column":18}},"16":{"start":{"line":41,"column":4},"end":{"line":43,"column":5}},"17":{"start":{"line":42,"column":6},"end":{"line":42,"column":53}},"18":{"start":{"line":44,"column":4},"end":{"line":49,"column":5}},"19":{"start":{"line":45,"column":6},"end":{"line":48,"column":8}},"20":{"start":{"line":51,"column":4},"end":{"line":51,"column":18}},"21":{"start":{"line":53,"column":4},"end":{"line":53,"column":23}},"22":{"start":{"line":54,"column":4},"end":{"line":54,"column":65}},"23":{"start":{"line":61,"column":0},"end":{"line":110,"column":3}},"24":{"start":{"line":62,"column":2},"end":{"line":109,"column":3}},"25":{"start":{"line":63,"column":19},"end":{"line":63,"column":36}},"26":{"start":{"line":65,"column":20},"end":{"line":67,"column":13}},"27":{"start":{"line":69,"column":4},"end":{"line":69,"column":45}},"28":{"start":{"line":69,"column":25},"end":{"line":69,"column":45}},"29":{"start":{"line":71,"column":21},"end":{"line":77,"column":5}},"30":{"start":{"line":74,"column":20},"end":{"line":74,"column":30}},"31":{"start":{"line":75,"column":25},"end":{"line":75,"column":73}},"32":{"start":{"line":79,"column":4},"end":{"line":84,"column":5}},"33":{"start":{"line":81,"column":6},"end":{"line":83,"column":8}},"34":{"start":{"line":82,"column":26},"end":{"line":82,"column":65}},"35":{"start":{"line":87,"column":20},"end":{"line":91,"column":13}},"36":{"start":{"line":94,"column":22},"end":{"line":94,"column":41}},"37":{"start":{"line":95,"column":4},"end":{"line":97,"column":5}},"38":{"start":{"line":96,"column":6},"end":{"line":96,"column":74}},"39":{"start":{"line":100,"column":19},"end":{"line":103,"column":7}},"40":{"start":{"line":100,"column":37},"end":{"line":103,"column":5}},"41":{"start":{"line":105,"column":4},"end":{"line":105,"column":28}},"42":{"start":{"line":107,"column":4},"end":{"line":107,"column":25}},"43":{"start":{"line":108,"column":4},"end":{"line":108,"column":77}},"44":{"start":{"line":115,"column":0},"end":{"line":136,"column":3}},"45":{"start":{"line":116,"column":60},"end":{"line":116,"column":68}},"46":{"start":{"line":118,"column":2},"end":{"line":135,"column":3}},"47":{"start":{"line":120,"column":22},"end":{"line":128,"column":6}},"48":{"start":{"line":129,"column":4},"end":{"line":129,"column":27}},"49":{"start":{"line":131,"column":4},"end":{"line":131,"column":71}},"50":{"start":{"line":133,"column":4},"end":{"line":133,"column":25}},"51":{"start":{"line":134,"column":4},"end":{"line":134,"column":60}},"52":{"start":{"line":145,"column":0},"end":{"line":161,"column":3}},"53":{"start":{"line":146,"column":2},"end":{"line":160,"column":3}},"54":{"start":{"line":147,"column":20},"end":{"line":147,"column":72}},"55":{"start":{"line":149,"column":22},"end":{"line":149,"column":23}},"56":{"start":{"line":150,"column":4},"end":{"line":152,"column":5}},"57":{"start":{"line":151,"column":6},"end":{"line":151,"column":35}},"58":{"start":{"line":153,"column":24},"end":{"line":153,"column":38}},"59":{"start":{"line":155,"column":26},"end":{"line":155,"column":73}},"60":{"start":{"line":156,"column":4},"end":{"line":156,"column":45}},"61":{"start":{"line":158,"column":4},"end":{"line":158,"column":25}},"62":{"start":{"line":159,"column":4},"end":{"line":159,"column":60}},"63":{"start":{"line":166,"column":0},"end":{"line":174,"column":3}},"64":{"start":{"line":167,"column":2},"end":{"line":173,"column":3}},"65":{"start":{"line":168,"column":20},"end":{"line":168,"column":72}},"66":{"start":{"line":169,"column":4},"end":{"line":169,"column":22}},"67":{"start":{"line":171,"column":4},"end":{"line":171,"column":25}},"68":{"start":{"line":172,"column":4},"end":{"line":172,"column":60}},"69":{"start":{"line":181,"column":0},"end":{"line":189,"column":3}},"70":{"start":{"line":182,"column":2},"end":{"line":188,"column":3}},"71":{"start":{"line":183,"column":4},"end":{"line":183,"column":56}},"72":{"start":{"line":184,"column":4},"end":{"line":184,"column":26}},"73":{"start":{"line":186,"column":4},"end":{"line":186,"column":25}},"74":{"start":{"line":187,"column":4},"end":{"line":187,"column":60}},"75":{"start":{"line":196,"column":0},"end":{"line":196,"column":24}}},"fnMap":{"0":{"name":"(anonymous_0)","decl":{"start":{"line":7,"column":16},"end":{"line":7,"column":17}},"loc":{"start":{"line":7,"column":30},"end":{"line":9,"column":1}},"line":7},"1":{"name":"(anonymous_1)","decl":{"start":{"line":13,"column":30},"end":{"line":13,"column":31}},"loc":{"start":{"line":13,"column":50},"end":{"line":56,"column":1}},"line":13},"2":{"name":"(anonymous_2)","decl":{"start":{"line":61,"column":28},"end":{"line":61,"column":29}},"loc":{"start":{"line":61,"column":48},"end":{"line":110,"column":1}},"line":61},"3":{"name":"(anonymous_3)","decl":{"start":{"line":74,"column":15},"end":{"line":74,"column":16}},"loc":{"start":{"line":74,"column":20},"end":{"line":74,"column":30}},"line":74},"4":{"name":"(anonymous_4)","decl":{"start":{"line":75,"column":18},"end":{"line":75,"column":19}},"loc":{"start":{"line":75,"column":25},"end":{"line":75,"column":73}},"line":75},"5":{"name":"(anonymous_5)","decl":{"start":{"line":82,"column":20},"end":{"line":82,"column":21}},"loc":{"start":{"line":82,"column":26},"end":{"line":82,"column":65}},"line":82},"6":{"name":"(anonymous_6)","decl":{"start":{"line":100,"column":31},"end":{"line":100,"column":32}},"loc":{"start":{"line":100,"column":37},"end":{"line":103,"column":5}},"line":100},"7":{"name":"(anonymous_7)","decl":{"start":{"line":115,"column":17},"end":{"line":115,"column":18}},"loc":{"start":{"line":115,"column":37},"end":{"line":136,"column":1}},"line":115},"8":{"name":"(anonymous_8)","decl":{"start":{"line":145,"column":40},"end":{"line":145,"column":41}},"loc":{"start":{"line":145,"column":60},"end":{"line":161,"column":1}},"line":145},"9":{"name":"(anonymous_9)","decl":{"start":{"line":166,"column":25},"end":{"line":166,"column":26}},"loc":{"start":{"line":166,"column":45},"end":{"line":174,"column":1}},"line":166},"10":{"name":"(anonymous_10)","decl":{"start":{"line":181,"column":28},"end":{"line":181,"column":29}},"loc":{"start":{"line":181,"column":48},"end":{"line":189,"column":1}},"line":181}},"branchMap":{"0":{"loc":{"start":{"line":17,"column":4},"end":{"line":19,"column":5}},"type":"if","locations":[{"start":{"line":17,"column":4},"end":{"line":19,"column":5}},{"start":{},"end":{}}],"line":17},"1":{"loc":{"start":{"line":24,"column":4},"end":{"line":26,"column":5}},"type":"if","locations":[{"start":{"line":24,"column":4},"end":{"line":26,"column":5}},{"start":{},"end":{}}],"line":24},"2":{"loc":{"start":{"line":46,"column":23},"end":{"line":46,"column":43}},"type":"binary-expr","locations":[{"start":{"line":46,"column":23},"end":{"line":46,"column":38}},{"start":{"line":46,"column":42},"end":{"line":46,"column":43}}],"line":46},"3":{"loc":{"start":{"line":47,"column":21},"end":{"line":47,"column":39}},"type":"binary-expr","locations":[{"start":{"line":47,"column":21},"end":{"line":47,"column":34}},{"start":{"line":47,"column":38},"end":{"line":47,"column":39}}],"line":47},"4":{"loc":{"start":{"line":69,"column":4},"end":{"line":69,"column":45}},"type":"if","locations":[{"start":{"line":69,"column":4},"end":{"line":69,"column":45}},{"start":{},"end":{}}],"line":69},"5":{"loc":{"start":{"line":75,"column":25},"end":{"line":75,"column":73}},"type":"binary-expr","locations":[{"start":{"line":75,"column":25},"end":{"line":75,"column":48}},{"start":{"line":75,"column":52},"end":{"line":75,"column":73}}],"line":75},"6":{"loc":{"start":{"line":79,"column":4},"end":{"line":84,"column":5}},"type":"if","locations":[{"start":{"line":79,"column":4},"end":{"line":84,"column":5}},{"start":{},"end":{}}],"line":79},"7":{"loc":{"start":{"line":96,"column":30},"end":{"line":96,"column":73}},"type":"binary-expr","locations":[{"start":{"line":96,"column":30},"end":{"line":96,"column":43}},{"start":{"line":96,"column":47},"end":{"line":96,"column":53}},{"start":{"line":96,"column":57},"end":{"line":96,"column":73}}],"line":96},"8":{"loc":{"start":{"line":102,"column":19},"end":{"line":102,"column":60}},"type":"binary-expr","locations":[{"start":{"line":102,"column":19},"end":{"line":102,"column":40}},{"start":{"line":102,"column":44},"end":{"line":102,"column":60}}],"line":102},"9":{"loc":{"start":{"line":155,"column":26},"end":{"line":155,"column":73}},"type":"cond-expr","locations":[{"start":{"line":155,"column":44},"end":{"line":155,"column":69}},{"start":{"line":155,"column":72},"end":{"line":155,"column":73}}],"line":155}},"s":{"0":3,"1":3,"2":3,"3":3,"4":3,"5":1,"6":3,"7":5,"8":5,"9":5,"10":1,"11":4,"12":4,"13":1,"14":3,"15":2,"16":2,"17":5,"18":2,"19":3,"20":2,"21":1,"22":1,"23":3,"24":4,"25":4,"26":4,"27":3,"28":1,"29":2,"30":3,"31":3,"32":2,"33":0,"34":0,"35":2,"36":2,"37":2,"38":2,"39":2,"40":3,"41":2,"42":1,"43":1,"44":3,"45":2,"46":2,"47":2,"48":2,"49":1,"50":1,"51":1,"52":3,"53":3,"54":3,"55":2,"56":2,"57":2,"58":2,"59":2,"60":2,"61":1,"62":1,"63":3,"64":2,"65":2,"66":1,"67":1,"68":1,"69":3,"70":3,"71":3,"72":1,"73":2,"74":2,"75":3},"f":{"0":1,"1":5,"2":4,"3":3,"4":3,"5":0,"6":3,"7":2,"8":3,"9":2,"10":3},"b":{"0":[1,4],"1":[1,3],"2":[3,0],"3":[3,0],"4":[1,2],"5":[3,3],"6":[0,2],"7":[2,0,0],"8":[3,1],"9":[1,1]},"_coverageSchema":"1a1c01bbd47fc00a2c39e90264f33305004495a9","hash":"b95f1837a9a8fcbdcf16c4df49a31fdbcb7cc691"}
,"C:\\Users\\jiang\\graduate-project\\backend\\routes\\sharedToiletRoute.js": {"path":"C:\\Users\\jiang\\graduate-project\\backend\\routes\\sharedToiletRoute.js","statementMap":{"0":{"start":{"line":1,"column":16},"end":{"line":1,"column":34}},"1":{"start":{"line":2,"column":15},"end":{"line":2,"column":31}},"2":{"start":{"line":3,"column":14},"end":{"line":3,"column":30}},"3":{"start":{"line":4,"column":21},"end":{"line":4,"column":54}},"4":{"start":{"line":5,"column":15},"end":{"line":5,"column":42}},"5":{"start":{"line":10,"column":2},"end":{"line":10,"column":38}},"6":{"start":{"line":12,"column":0},"end":{"line":14,"column":1}},"7":{"start":{"line":13,"column":2},"end":{"line":13,"column":54}},"8":{"start":{"line":17,"column":25},"end":{"line":22,"column":1}},"9":{"start":{"line":18,"column":12},"end":{"line":18,"column":60}},"10":{"start":{"line":20,"column":2},"end":{"line":20,"column":62}},"11":{"start":{"line":20,"column":22},"end":{"line":20,"column":62}},"12":{"start":{"line":21,"column":2},"end":{"line":21,"column":38}},"13":{"start":{"line":26,"column":34},"end":{"line":67,"column":1}},"14":{"start":{"line":27,"column":2},"end":{"line":66,"column":3}},"15":{"start":{"line":28,"column":23},"end":{"line":28,"column":48}},"16":{"start":{"line":29,"column":21},"end":{"line":38,"column":5}},"17":{"start":{"line":40,"column":51},"end":{"line":40,"column":64}},"18":{"start":{"line":43,"column":0},"end":{"line":55,"column":1}},"19":{"start":{"line":44,"column":2},"end":{"line":50,"column":5}},"20":{"start":{"line":52,"column":2},"end":{"line":54,"column":4}},"21":{"start":{"line":58,"column":21},"end":{"line":58,"column":49}},"22":{"start":{"line":59,"column":4},"end":{"line":62,"column":6}},"23":{"start":{"line":64,"column":4},"end":{"line":64,"column":41}},"24":{"start":{"line":65,"column":4},"end":{"line":65,"column":49}},"25":{"start":{"line":72,"column":0},"end":{"line":84,"column":3}},"26":{"start":{"line":73,"column":2},"end":{"line":83,"column":3}},"27":{"start":{"line":74,"column":19},"end":{"line":77,"column":5}},"28":{"start":{"line":79,"column":4},"end":{"line":79,"column":46}},"29":{"start":{"line":81,"column":4},"end":{"line":81,"column":23}},"30":{"start":{"line":82,"column":5},"end":{"line":82,"column":61}},"31":{"start":{"line":90,"column":0},"end":{"line":107,"column":3}},"32":{"start":{"line":91,"column":2},"end":{"line":106,"column":3}},"33":{"start":{"line":92,"column":16},"end":{"line":92,"column":33}},"34":{"start":{"line":95,"column":17},"end":{"line":97,"column":30}},"35":{"start":{"line":99,"column":4},"end":{"line":99,"column":44}},"36":{"start":{"line":100,"column":4},"end":{"line":100,"column":51}},"37":{"start":{"line":102,"column":4},"end":{"line":102,"column":26}},"38":{"start":{"line":104,"column":4},"end":{"line":104,"column":25}},"39":{"start":{"line":105,"column":4},"end":{"line":105,"column":60}},"40":{"start":{"line":113,"column":0},"end":{"line":130,"column":3}},"41":{"start":{"line":114,"column":2},"end":{"line":129,"column":3}},"42":{"start":{"line":115,"column":21},"end":{"line":115,"column":70}},"43":{"start":{"line":116,"column":32},"end":{"line":119,"column":6}},"44":{"start":{"line":121,"column":8},"end":{"line":123,"column":6}},"45":{"start":{"line":125,"column":4},"end":{"line":125,"column":65}},"46":{"start":{"line":126,"column":8},"end":{"line":128,"column":7}},"47":{"start":{"line":136,"column":0},"end":{"line":207,"column":3}},"48":{"start":{"line":137,"column":2},"end":{"line":206,"column":3}},"49":{"start":{"line":138,"column":16},"end":{"line":138,"column":58}},"50":{"start":{"line":139,"column":4},"end":{"line":139,"column":68}},"51":{"start":{"line":139,"column":14},"end":{"line":139,"column":68}},"52":{"start":{"line":142,"column":6},"end":{"line":144,"column":107}},"53":{"start":{"line":147,"column":4},"end":{"line":186,"column":5}},"54":{"start":{"line":148,"column":29},"end":{"line":152,"column":7}},"55":{"start":{"line":154,"column":22},"end":{"line":158,"column":7}},"56":{"start":{"line":160,"column":6},"end":{"line":183,"column":7}},"57":{"start":{"line":161,"column":8},"end":{"line":161,"column":76}},"58":{"start":{"line":163,"column":26},"end":{"line":173,"column":9}},"59":{"start":{"line":175,"column":8},"end":{"line":177,"column":9}},"60":{"start":{"line":176,"column":10},"end":{"line":176,"column":42}},"61":{"start":{"line":179,"column":8},"end":{"line":179,"column":43}},"62":{"start":{"line":182,"column":8},"end":{"line":182,"column":76}},"63":{"start":{"line":185,"column":6},"end":{"line":185,"column":31}},"64":{"start":{"line":189,"column":23},"end":{"line":189,"column":81}},"65":{"start":{"line":192,"column":4},"end":{"line":194,"column":5}},"66":{"start":{"line":193,"column":6},"end":{"line":193,"column":30}},"67":{"start":{"line":196,"column":38},"end":{"line":200,"column":5}},"68":{"start":{"line":202,"column":4},"end":{"line":202,"column":47}},"69":{"start":{"line":204,"column":4},"end":{"line":204,"column":47}},"70":{"start":{"line":205,"column":4},"end":{"line":205,"column":60}},"71":{"start":{"line":212,"column":0},"end":{"line":224,"column":3}},"72":{"start":{"line":213,"column":2},"end":{"line":223,"column":3}},"73":{"start":{"line":214,"column":31},"end":{"line":218,"column":5}},"74":{"start":{"line":219,"column":4},"end":{"line":219,"column":45}},"75":{"start":{"line":221,"column":4},"end":{"line":221,"column":25}},"76":{"start":{"line":222,"column":4},"end":{"line":222,"column":60}},"77":{"start":{"line":230,"column":0},"end":{"line":243,"column":3}},"78":{"start":{"line":231,"column":2},"end":{"line":242,"column":3}},"79":{"start":{"line":233,"column":25},"end":{"line":233,"column":76}},"80":{"start":{"line":235,"column":4},"end":{"line":237,"column":5}},"81":{"start":{"line":236,"column":6},"end":{"line":236,"column":65}},"82":{"start":{"line":238,"column":4},"end":{"line":238,"column":62}},"83":{"start":{"line":240,"column":4},"end":{"line":240,"column":23}},"84":{"start":{"line":241,"column":4},"end":{"line":241,"column":60}},"85":{"start":{"line":248,"column":0},"end":{"line":248,"column":24}}},"fnMap":{"0":{"name":"(anonymous_0)","decl":{"start":{"line":17,"column":25},"end":{"line":17,"column":26}},"loc":{"start":{"line":17,"column":43},"end":{"line":22,"column":1}},"line":17},"1":{"name":"(anonymous_1)","decl":{"start":{"line":26,"column":34},"end":{"line":26,"column":35}},"loc":{"start":{"line":26,"column":53},"end":{"line":67,"column":1}},"line":26},"2":{"name":"(anonymous_2)","decl":{"start":{"line":72,"column":16},"end":{"line":72,"column":17}},"loc":{"start":{"line":72,"column":36},"end":{"line":84,"column":1}},"line":72},"3":{"name":"(anonymous_3)","decl":{"start":{"line":90,"column":28},"end":{"line":90,"column":29}},"loc":{"start":{"line":90,"column":48},"end":{"line":107,"column":1}},"line":90},"4":{"name":"(anonymous_4)","decl":{"start":{"line":113,"column":17},"end":{"line":113,"column":18}},"loc":{"start":{"line":113,"column":37},"end":{"line":130,"column":1}},"line":113},"5":{"name":"(anonymous_5)","decl":{"start":{"line":136,"column":19},"end":{"line":136,"column":20}},"loc":{"start":{"line":136,"column":39},"end":{"line":207,"column":1}},"line":136},"6":{"name":"(anonymous_6)","decl":{"start":{"line":212,"column":26},"end":{"line":212,"column":27}},"loc":{"start":{"line":212,"column":46},"end":{"line":224,"column":1}},"line":212},"7":{"name":"(anonymous_7)","decl":{"start":{"line":230,"column":22},"end":{"line":230,"column":23}},"loc":{"start":{"line":230,"column":42},"end":{"line":243,"column":1}},"line":230}},"branchMap":{"0":{"loc":{"start":{"line":12,"column":0},"end":{"line":14,"column":1}},"type":"if","locations":[{"start":{"line":12,"column":0},"end":{"line":14,"column":1}},{"start":{},"end":{}}],"line":12},"1":{"loc":{"start":{"line":17,"column":26},"end":{"line":17,"column":38}},"type":"default-arg","locations":[{"start":{"line":17,"column":36},"end":{"line":17,"column":38}}],"line":17},"2":{"loc":{"start":{"line":20,"column":2},"end":{"line":20,"column":62}},"type":"if","locations":[{"start":{"line":20,"column":2},"end":{"line":20,"column":62}},{"start":{},"end":{}}],"line":20},"3":{"loc":{"start":{"line":43,"column":0},"end":{"line":55,"column":1}},"type":"if","locations":[{"start":{"line":43,"column":0},"end":{"line":55,"column":1}},{"start":{},"end":{}}],"line":43},"4":{"loc":{"start":{"line":43,"column":4},"end":{"line":43,"column":70}},"type":"binary-expr","locations":[{"start":{"line":43,"column":4},"end":{"line":43,"column":19}},{"start":{"line":43,"column":23},"end":{"line":43,"column":46}},{"start":{"line":43,"column":50},"end":{"line":43,"column":70}}],"line":43},"5":{"loc":{"start":{"line":53,"column":52},"end":{"line":53,"column":97}},"type":"cond-expr","locations":[{"start":{"line":53,"column":68},"end":{"line":53,"column":92}},{"start":{"line":53,"column":95},"end":{"line":53,"column":97}}],"line":53},"6":{"loc":{"start":{"line":64,"column":16},"end":{"line":64,"column":39}},"type":"binary-expr","locations":[{"start":{"line":64,"column":16},"end":{"line":64,"column":30}},{"start":{"line":64,"column":34},"end":{"line":64,"column":39}}],"line":64},"7":{"loc":{"start":{"line":139,"column":4},"end":{"line":139,"column":68}},"type":"if","locations":[{"start":{"line":139,"column":4},"end":{"line":139,"column":68}},{"start":{},"end":{}}],"line":139},"8":{"loc":{"start":{"line":142,"column":6},"end":{"line":144,"column":107}},"type":"binary-expr","locations":[{"start":{"line":142,"column":6},"end":{"line":142,"column":73}},{"start":{"line":143,"column":7},"end":{"line":143,"column":41}},{"start":{"line":144,"column":9},"end":{"line":144,"column":43}},{"start":{"line":144,"column":47},"end":{"line":144,"column":105}}],"line":142},"9":{"loc":{"start":{"line":147,"column":4},"end":{"line":186,"column":5}},"type":"if","locations":[{"start":{"line":147,"column":4},"end":{"line":186,"column":5}},{"start":{},"end":{}}],"line":147},"10":{"loc":{"start":{"line":160,"column":6},"end":{"line":183,"column":7}},"type":"if","locations":[{"start":{"line":160,"column":6},"end":{"line":183,"column":7}},{"start":{"line":180,"column":13},"end":{"line":183,"column":7}}],"line":160},"11":{"loc":{"start":{"line":175,"column":8},"end":{"line":177,"column":9}},"type":"if","locations":[{"start":{"line":175,"column":8},"end":{"line":177,"column":9}},{"start":{},"end":{}}],"line":175},"12":{"loc":{"start":{"line":192,"column":4},"end":{"line":194,"column":5}},"type":"if","locations":[{"start":{"line":192,"column":4},"end":{"line":194,"column":5}},{"start":{},"end":{}}],"line":192},"13":{"loc":{"start":{"line":235,"column":4},"end":{"line":237,"column":5}},"type":"if","locations":[{"start":{"line":235,"column":4},"end":{"line":237,"column":5}},{"start":{},"end":{}}],"line":235}},"s":{"0":3,"1":3,"2":3,"3":3,"4":3,"5":3,"6":3,"7":0,"8":3,"9":4,"10":4,"11":3,"12":1,"13":3,"14":4,"15":4,"16":4,"17":3,"18":3,"19":1,"20":1,"21":2,"22":2,"23":2,"24":2,"25":3,"26":2,"27":2,"28":2,"29":1,"30":1,"31":3,"32":2,"33":2,"34":2,"35":1,"36":1,"37":1,"38":1,"39":1,"40":3,"41":4,"42":4,"43":2,"44":2,"45":2,"46":2,"47":3,"48":4,"49":4,"50":4,"51":1,"52":3,"53":3,"54":2,"55":2,"56":2,"57":2,"58":2,"59":2,"60":0,"61":2,"62":0,"63":2,"64":1,"65":1,"66":1,"67":1,"68":1,"69":0,"70":0,"71":3,"72":2,"73":2,"74":2,"75":0,"76":0,"77":3,"78":5,"79":5,"80":3,"81":2,"82":3,"83":2,"84":2,"85":3},"f":{"0":4,"1":4,"2":2,"3":2,"4":4,"5":4,"6":2,"7":5},"b":{"0":[0,3],"1":[0],"2":[3,1],"3":[1,2],"4":[3,2,2],"5":[0,1],"6":[2,0],"7":[1,3],"8":[3,2,2,2],"9":[2,1],"10":[2,0],"11":[0,2],"12":[1,0],"13":[2,1]},"_coverageSchema":"1a1c01bbd47fc00a2c39e90264f33305004495a9","hash":"00e6c17e157187ea8f0f308ff5a83b80af743bc1"}
,"C:\\Users\\jiang\\graduate-project\\backend\\routes\\toiletRoute.js": {"path":"C:\\Users\\jiang\\graduate-project\\backend\\routes\\toiletRoute.js","statementMap":{"0":{"start":{"line":1,"column":16},"end":{"line":1,"column":34}},"1":{"start":{"line":2,"column":15},"end":{"line":2,"column":31}},"2":{"start":{"line":3,"column":15},"end":{"line":3,"column":42}},"3":{"start":{"line":4,"column":14},"end":{"line":4,"column":30}},"4":{"start":{"line":7,"column":0},"end":{"line":15,"column":3}},"5":{"start":{"line":8,"column":2},"end":{"line":14,"column":3}},"6":{"start":{"line":9,"column":20},"end":{"line":9,"column":39}},"7":{"start":{"line":10,"column":4},"end":{"line":10,"column":22}},"8":{"start":{"line":12,"column":4},"end":{"line":12,"column":33}},"9":{"start":{"line":13,"column":4},"end":{"line":13,"column":41}},"10":{"start":{"line":18,"column":0},"end":{"line":18,"column":24}}},"fnMap":{"0":{"name":"(anonymous_0)","decl":{"start":{"line":7,"column":29},"end":{"line":7,"column":30}},"loc":{"start":{"line":7,"column":49},"end":{"line":15,"column":1}},"line":7}},"branchMap":{},"s":{"0":3,"1":3,"2":3,"3":3,"4":3,"5":2,"6":2,"7":1,"8":1,"9":1,"10":3},"f":{"0":2},"b":{},"_coverageSchema":"1a1c01bbd47fc00a2c39e90264f33305004495a9","hash":"e5791fc85eeb9165ae2283b664b15af3cb084a80"}
,"C:\\Users\\jiang\\graduate-project\\backend\\routes\\tests\\factories.js": {"path":"C:\\Users\\jiang\\graduate-project\\backend\\routes\\tests\\factories.js","statementMap":{"0":{"start":{"line":1,"column":21},"end":{"line":1,"column":57}},"1":{"start":{"line":2,"column":15},"end":{"line":2,"column":45}},"2":{"start":{"line":6,"column":21},"end":{"line":6,"column":44}},"3":{"start":{"line":7,"column":17},"end":{"line":7,"column":39}},"4":{"start":{"line":8,"column":2},"end":{"line":10,"column":3}},"5":{"start":{"line":9,"column":4},"end":{"line":9,"column":75}},"6":{"start":{"line":11,"column":2},"end":{"line":11,"column":19}},"7":{"start":{"line":15,"column":20},"end":{"line":15,"column":44}},"8":{"start":{"line":17,"column":2},"end":{"line":24,"column":4}},"9":{"start":{"line":29,"column":18},"end":{"line":29,"column":48}},"10":{"start":{"line":30,"column":19},"end":{"line":30,"column":50}},"11":{"start":{"line":32,"column":2},"end":{"line":43,"column":4}},"12":{"start":{"line":46,"column":0},"end":{"line":46,"column":60}}},"fnMap":{"0":{"name":"pickEnum","decl":{"start":{"line":5,"column":9},"end":{"line":5,"column":17}},"loc":{"start":{"line":5,"column":31},"end":{"line":12,"column":1}},"line":5},"1":{"name":"makeToilet","decl":{"start":{"line":14,"column":9},"end":{"line":14,"column":19}},"loc":{"start":{"line":14,"column":36},"end":{"line":25,"column":1}},"line":14},"2":{"name":"makeSharedToilet","decl":{"start":{"line":27,"column":9},"end":{"line":27,"column":25}},"loc":{"start":{"line":27,"column":42},"end":{"line":44,"column":1}},"line":27}},"branchMap":{"0":{"loc":{"start":{"line":8,"column":2},"end":{"line":10,"column":3}},"type":"if","locations":[{"start":{"line":8,"column":2},"end":{"line":10,"column":3}},{"start":{},"end":{}}],"line":8},"1":{"loc":{"start":{"line":8,"column":6},"end":{"line":8,"column":36}},"type":"binary-expr","locations":[{"start":{"line":8,"column":6},"end":{"line":8,"column":13}},{"start":{"line":8,"column":17},"end":{"line":8,"column":36}}],"line":8},"2":{"loc":{"start":{"line":14,"column":20},"end":{"line":14,"column":34}},"type":"default-arg","locations":[{"start":{"line":14,"column":32},"end":{"line":14,"column":34}}],"line":14},"3":{"loc":{"start":{"line":27,"column":26},"end":{"line":27,"column":40}},"type":"default-arg","locations":[{"start":{"line":27,"column":38},"end":{"line":27,"column":40}}],"line":27}},"s":{"0":4,"1":4,"2":47,"3":47,"4":47,"5":2,"6":45,"7":6,"8":6,"9":15,"10":15,"11":15,"12":4},"f":{"0":47,"1":6,"2":15},"b":{"0":[2,45],"1":[47,46],"2":[1],"3":[1]},"_coverageSchema":"1a1c01bbd47fc00a2c39e90264f33305004495a9","hash":"7842c069e6b8aa708855c3c739b86c288f994500"}
,"C:\\Users\\jiang\\graduate-project\\backend\\routes\\tests\\setupMongo.js": {"path":"C:\\Users\\jiang\\graduate-project\\backend\\routes\\tests\\setupMongo.js","statementMap":{"0":{"start":{"line":1,"column":17},"end":{"line":1,"column":36}},"1":{"start":{"line":2,"column":30},"end":{"line":2,"column":62}},"2":{"start":{"line":7,"column":2},"end":{"line":7,"column":43}},"3":{"start":{"line":8,"column":2},"end":{"line":8,"column":41}},"4":{"start":{"line":12,"column":15},"end":{"line":12,"column":57}},"5":{"start":{"line":13,"column":2},"end":{"line":13,"column":47}},"6":{"start":{"line":13,"column":24},"end":{"line":13,"column":47}},"7":{"start":{"line":17,"column":2},"end":{"line":17,"column":30}},"8":{"start":{"line":18,"column":2},"end":{"line":18,"column":32}},"9":{"start":{"line":18,"column":13},"end":{"line":18,"column":32}},"10":{"start":{"line":21,"column":0},"end":{"line":21,"column":70}}},"fnMap":{"0":{"name":"connectTestMongo","decl":{"start":{"line":6,"column":15},"end":{"line":6,"column":31}},"loc":{"start":{"line":6,"column":34},"end":{"line":9,"column":1}},"line":6},"1":{"name":"clearTestMongo","decl":{"start":{"line":11,"column":15},"end":{"line":11,"column":29}},"loc":{"start":{"line":11,"column":32},"end":{"line":14,"column":1}},"line":11},"2":{"name":"closeTestMongo","decl":{"start":{"line":16,"column":15},"end":{"line":16,"column":29}},"loc":{"start":{"line":16,"column":32},"end":{"line":19,"column":1}},"line":16}},"branchMap":{"0":{"loc":{"start":{"line":18,"column":2},"end":{"line":18,"column":32}},"type":"if","locations":[{"start":{"line":18,"column":2},"end":{"line":18,"column":32}},{"start":{},"end":{}}],"line":18}},"s":{"0":4,"1":4,"2":3,"3":3,"4":41,"5":41,"6":111,"7":4,"8":4,"9":3,"10":4},"f":{"0":3,"1":41,"2":4},"b":{"0":[3,1]},"_coverageSchema":"1a1c01bbd47fc00a2c39e90264f33305004495a9","hash":"518c76eebe858d9e905ee205b6189fcde80843ef"}
,"C:\\Users\\jiang\\graduate-project\\backend\\routes\\tests\\testApp.js": {"path":"C:\\Users\\jiang\\graduate-project\\backend\\routes\\tests\\testApp.js","statementMap":{"0":{"start":{"line":1,"column":16},"end":{"line":1,"column":34}},"1":{"start":{"line":4,"column":14},"end":{"line":4,"column":23}},"2":{"start":{"line":5,"column":2},"end":{"line":5,"column":26}},"3":{"start":{"line":7,"column":2},"end":{"line":7,"column":53}},"4":{"start":{"line":8,"column":2},"end":{"line":8,"column":66}},"5":{"start":{"line":9,"column":2},"end":{"line":9,"column":53}},"6":{"start":{"line":11,"column":2},"end":{"line":11,"column":13}},"7":{"start":{"line":14,"column":0},"end":{"line":14,"column":34}}},"fnMap":{"0":{"name":"buildTestApp","decl":{"start":{"line":3,"column":9},"end":{"line":3,"column":21}},"loc":{"start":{"line":3,"column":24},"end":{"line":12,"column":1}},"line":3}},"branchMap":{},"s":{"0":3,"1":3,"2":3,"3":3,"4":3,"5":3,"6":3,"7":3},"f":{"0":3},"b":{},"_coverageSchema":"1a1c01bbd47fc00a2c39e90264f33305004495a9","hash":"a5d1b8ba510d71aeb18b1b86a53b20f547a8266e"}
}
