TN:
SF:models\review.js
FNF:0
FNH:0
DA:1,3
DA:3,3
DA:13,3
DA:15,3
DA:17,3
LF:5
LH:5
BRF:0
BRH:0
end_of_record
TN:
SF:models\sharedToilet.js
FN:35,(anonymous_0)
FNF:1
FNH:1
FNDA:15,(anonymous_0)
DA:1,4
DA:3,4
DA:17,4
DA:36,15
DA:63,4
DA:65,4
LF:6
LH:6
BRF:0
BRH:0
end_of_record
TN:
SF:models\toilet.js
FN:25,(anonymous_0)
FNF:1
FNH:1
FNDA:6,(anonymous_0)
DA:1,4
DA:3,4
DA:26,6
DA:38,4
LF:4
LH:4
BRF:0
BRH:0
end_of_record
TN:
SF:routes\reviewRoute.js
FN:7,(anonymous_0)
FN:13,(anonymous_1)
FN:61,(anonymous_2)
FN:74,(anonymous_3)
FN:75,(anonymous_4)
FN:82,(anonymous_5)
FN:100,(anonymous_6)
FN:115,(anonymous_7)
FN:145,(anonymous_8)
FN:166,(anonymous_9)
FN:181,(anonymous_10)
FNF:11
FNH:10
FNDA:1,(anonymous_0)
FNDA:5,(anonymous_1)
FNDA:4,(anonymous_2)
FNDA:3,(anonymous_3)
FNDA:3,(anonymous_4)
FNDA:0,(anonymous_5)
FNDA:3,(anonymous_6)
FNDA:2,(anonymous_7)
FNDA:3,(anonymous_8)
FNDA:2,(anonymous_9)
FNDA:3,(anonymous_10)
DA:1,3
DA:2,3
DA:3,3
DA:4,3
DA:7,3
DA:8,1
DA:13,3
DA:14,5
DA:15,5
DA:17,5
DA:18,1
DA:21,4
DA:24,4
DA:25,1
DA:28,3
DA:40,2
DA:41,2
DA:42,5
DA:44,2
DA:45,3
DA:51,2
DA:53,1
DA:54,1
DA:61,3
DA:62,4
DA:63,4
DA:65,4
DA:69,3
DA:71,2
DA:74,3
DA:75,3
DA:79,2
DA:81,0
DA:82,0
DA:87,2
DA:94,2
DA:95,2
DA:96,2
DA:100,3
DA:105,2
DA:107,1
DA:108,1
DA:115,3
DA:116,2
DA:118,2
DA:120,2
DA:129,2
DA:131,1
DA:133,1
DA:134,1
DA:145,3
DA:146,3
DA:147,3
DA:149,2
DA:150,2
DA:151,2
DA:153,2
DA:155,2
DA:156,2
DA:158,1
DA:159,1
DA:166,3
DA:167,2
DA:168,2
DA:169,1
DA:171,1
DA:172,1
DA:181,3
DA:182,3
DA:183,3
DA:184,1
DA:186,2
DA:187,2
DA:196,3
LF:74
LH:72
BRDA:17,0,0,1
BRDA:17,0,1,4
BRDA:24,1,0,1
BRDA:24,1,1,3
BRDA:46,2,0,3
BRDA:46,2,1,0
BRDA:47,3,0,3
BRDA:47,3,1,0
BRDA:69,4,0,1
BRDA:69,4,1,2
BRDA:75,5,0,3
BRDA:75,5,1,3
BRDA:79,6,0,0
BRDA:79,6,1,2
BRDA:96,7,0,2
BRDA:96,7,1,0
BRDA:96,7,2,0
BRDA:102,8,0,3
BRDA:102,8,1,1
BRDA:155,9,0,1
BRDA:155,9,1,1
BRF:21
BRH:16
end_of_record
TN:
SF:routes\sharedToiletRoute.js
FN:17,(anonymous_0)
FN:26,(anonymous_1)
FN:72,(anonymous_2)
FN:90,(anonymous_3)
FN:113,(anonymous_4)
FN:136,(anonymous_5)
FN:212,(anonymous_6)
FN:230,(anonymous_7)
FNF:8
FNH:8
FNDA:4,(anonymous_0)
FNDA:4,(anonymous_1)
FNDA:2,(anonymous_2)
FNDA:2,(anonymous_3)
FNDA:4,(anonymous_4)
FNDA:4,(anonymous_5)
FNDA:2,(anonymous_6)
FNDA:5,(anonymous_7)
DA:1,3
DA:2,3
DA:3,3
DA:4,3
DA:5,3
DA:10,3
DA:12,3
DA:13,0
DA:17,3
DA:18,4
DA:20,4
DA:21,1
DA:26,3
DA:27,4
DA:28,4
DA:29,4
DA:40,3
DA:43,3
DA:44,1
DA:52,1
DA:58,2
DA:59,2
DA:64,2
DA:65,2
DA:72,3
DA:73,2
DA:74,2
DA:79,2
DA:81,1
DA:82,1
DA:90,3
DA:91,2
DA:92,2
DA:95,2
DA:99,1
DA:100,1
DA:102,1
DA:104,1
DA:105,1
DA:113,3
DA:114,4
DA:115,4
DA:116,2
DA:121,2
DA:125,2
DA:126,2
DA:136,3
DA:137,4
DA:138,4
DA:139,4
DA:142,3
DA:147,3
DA:148,2
DA:154,2
DA:160,2
DA:161,2
DA:163,2
DA:175,2
DA:176,0
DA:179,2
DA:182,0
DA:185,2
DA:189,1
DA:192,1
DA:193,1
DA:196,1
DA:202,1
DA:204,0
DA:205,0
DA:212,3
DA:213,2
DA:214,2
DA:219,2
DA:221,0
DA:222,0
DA:230,3
DA:231,5
DA:233,5
DA:235,3
DA:236,2
DA:238,3
DA:240,2
DA:241,2
DA:248,3
LF:84
LH:77
BRDA:12,0,0,0
BRDA:12,0,1,3
BRDA:17,1,0,0
BRDA:20,2,0,3
BRDA:20,2,1,1
BRDA:43,3,0,1
BRDA:43,3,1,2
BRDA:43,4,0,3
BRDA:43,4,1,2
BRDA:43,4,2,2
BRDA:53,5,0,0
BRDA:53,5,1,1
BRDA:64,6,0,2
BRDA:64,6,1,0
BRDA:139,7,0,1
BRDA:139,7,1,3
BRDA:142,8,0,3
BRDA:142,8,1,2
BRDA:142,8,2,2
BRDA:142,8,3,2
BRDA:147,9,0,2
BRDA:147,9,1,1
BRDA:160,10,0,2
BRDA:160,10,1,0
BRDA:175,11,0,0
BRDA:175,11,1,2
BRDA:192,12,0,1
BRDA:192,12,1,0
BRDA:235,13,0,2
BRDA:235,13,1,1
BRF:30
BRH:23
end_of_record
TN:
SF:routes\toiletRoute.js
FN:7,(anonymous_0)
FNF:1
FNH:1
FNDA:2,(anonymous_0)
DA:1,3
DA:2,3
DA:3,3
DA:4,3
DA:7,3
DA:8,2
DA:9,2
DA:10,1
DA:12,1
DA:13,1
DA:18,3
LF:11
LH:11
BRF:0
BRH:0
end_of_record
TN:
SF:routes\tests\factories.js
FN:5,pickEnum
FN:14,makeToilet
FN:27,makeSharedToilet
FNF:3
FNH:3
FNDA:47,pickEnum
FNDA:6,makeToilet
FNDA:15,makeSharedToilet
DA:1,4
DA:2,4
DA:6,47
DA:7,47
DA:8,47
DA:9,2
DA:11,45
DA:15,6
DA:17,6
DA:29,15
DA:30,15
DA:32,15
DA:46,4
LF:13
LH:13
BRDA:8,0,0,2
BRDA:8,0,1,45
BRDA:8,1,0,47
BRDA:8,1,1,46
BRDA:14,2,0,1
BRDA:27,3,0,1
BRF:6
BRH:6
end_of_record
TN:
SF:routes\tests\setupMongo.js
FN:6,connectTestMongo
FN:11,clearTestMongo
FN:16,closeTestMongo
FNF:3
FNH:3
FNDA:3,connectTestMongo
FNDA:41,clearTestMongo
FNDA:4,closeTestMongo
DA:1,4
DA:2,4
DA:7,3
DA:8,3
DA:12,41
DA:13,111
DA:17,4
DA:18,4
DA:21,4
LF:9
LH:9
BRDA:18,0,0,3
BRDA:18,0,1,1
BRF:2
BRH:2
end_of_record
TN:
SF:routes\tests\testApp.js
FN:3,buildTestApp
FNF:1
FNH:1
FNDA:3,buildTestApp
DA:1,3
DA:4,3
DA:5,3
DA:7,3
DA:8,3
DA:9,3
DA:11,3
DA:14,3
LF:8
LH:8
BRF:0
BRH:0
end_of_record
